11:39:53  INFO Initialising...
11:39:53  SYSTEM StoreX balance 0.0
11:39:53  INFO Магазин "Дрібнички" відкрито.
11:39:53  INFO Поточний баланс: 0.0 грн.
11:39:53  INFO 1 - Переглянути наявні товари по категорії.
11:39:53  INFO 2 - Пошук товару по назві.
11:39:53  INFO 3 - Отримати нову поставку.
11:39:53  INFO 4 - Продати товар.
11:39:53  INFO Введіть номер: 
11:44:30  INFO Initialising...
11:45:29  SYSTEM StoreX balance 0.0
11:45:29  INFO Магазин "Дрібнички" відкрито.
11:45:29  INFO Поточний баланс: 0.0 грн.
11:45:29  INFO 1 - Переглянути наявні товари по категорії.
11:45:29  INFO 2 - Пошук товару по назві.
11:45:29  INFO 3 - Отримати нову поставку.
11:45:29  INFO 4 - Продати товар.
11:45:29  INFO Введіть номер: 
11:45:37  INFO Initialising...
12:23:32  SYSTEM StoreX balance 0.0
12:23:32  INFO Магазин "Дрібнички" відкрито.
12:23:32  INFO Поточний баланс: 0.0 грн.
12:23:32  INFO 1 - Переглянути наявні товари по категорії.
12:23:32  INFO 2 - Пошук товару по назві.
12:23:32  INFO 3 - Отримати нову поставку.
12:23:32  INFO 4 - Продати товар.
12:23:32  INFO Введіть номер: 
12:23:41  INFO Initialising...
12:23:41  SYSTEM StoreX balance 0.0
12:23:41  INFO Магазин "Дрібнички" відкрито.
12:23:41  INFO Поточний баланс: 53535.0 грн.
12:23:41  INFO 1 - Переглянути наявні товари по категорії.
12:23:41  INFO 2 - Пошук товару по назві.
12:23:41  INFO 3 - Отримати нову поставку.
12:23:41  INFO 4 - Продати товар.
12:23:41  INFO Введіть номер: 
12:24:17  INFO Вибрано пункт: 1
12:24:17  INFO Вибрано: 1 - Переглянути наявні товари по категорії.
12:24:17  INFO Категорії:
	1 - Смартфони		2 - Комп'ютери
	3 - Овочі		4 - Солодощі
	5 - Вода		6 - Солодка вода
	7 - Одяг
12:24:20  INFO Введіть номер: 1
12:24:20  INFO Вибрано: Смартфони.
13:30:07  INFO Initialising...
13:30:07  SYSTEM StoreX balance 0.0
13:30:07  WARNING Файл не знайдено!
13:30:07  INFO Магазин "Дрібнички" відкрито.
13:30:07  INFO Поточний баланс: 53535.0 грн.
13:30:07  INFO 1 - Переглянути наявні товари по категорії.
13:30:07  INFO 2 - Пошук товару по назві.
13:30:07  INFO 3 - Отримати нову поставку.
13:30:07  INFO 4 - Продати товар.
13:30:07  INFO Введіть номер: 
13:30:15  INFO Вибрано пункт: 1
13:30:15  INFO Вибрано: 1 - Переглянути наявні товари по категорії.
13:30:15  INFO Категорії:
	1 - Смартфони		2 - Комп'ютери
	3 - Овочі		4 - Солодощі
	5 - Вода		6 - Солодка вода
	7 - Одяг
13:30:17  INFO Введіть номер: 1
13:30:17  INFO Вибрано: Смартфони.
13:30:32  INFO Вийти з магазину: y/nn
13:30:32  INFO Продовжуємо роботу в магазині.
13:30:32  INFO Магазин "Дрібнички" відкрито.
13:30:32  INFO Поточний баланс: 53535.0 грн.
13:30:32  INFO 1 - Переглянути наявні товари по категорії.
13:30:32  INFO 2 - Пошук товару по назві.
13:30:32  INFO 3 - Отримати нову поставку.
13:30:32  INFO 4 - Продати товар.
13:30:32  INFO Введіть номер: 
13:30:35  INFO Вибрано пункт: 1
13:30:35  INFO Вибрано: 1 - Переглянути наявні товари по категорії.
13:30:35  INFO Категорії:
	1 - Смартфони		2 - Комп'ютери
	3 - Овочі		4 - Солодощі
	5 - Вода		6 - Солодка вода
	7 - Одяг
13:30:37  INFO Введіть номер: 2
13:30:37  INFO Вибрано: Комп'ютери.
13:38:58  INFO Initialising...
13:38:58  SYSTEM StoreX balance 0.0
13:38:58  INFO Магазин "Дрібнички" відкрито.
13:38:58  INFO Поточний баланс: 53535.0 грн.
13:38:58  INFO 1 - Переглянути наявні товари по категорії.
13:38:58  INFO 2 - Пошук товару по назві.
13:38:58  INFO 3 - Отримати нову поставку.
13:38:58  INFO 4 - Продати товар.
13:38:58  INFO Введіть номер: 
13:39:01  INFO Вибрано пункт: 1
13:39:01  INFO Вибрано: 1 - Переглянути наявні товари по категорії.
13:39:01  INFO Категорії:
	1 - Смартфони		2 - Комп'ютери
	3 - Овочі		4 - Солодощі
	5 - Вода		6 - Солодка вода
	7 - Одяг
13:39:02  INFO Введіть номер: 1
13:39:02  INFO Вибрано: Смартфони.
13:52:22  INFO Initialising...
13:52:22  SYSTEM StoreX balance 0.0
13:52:22  INFO Магазин "Дрібнички" відкрито.
13:52:22  INFO Поточний баланс: 53535.0 грн.
13:52:22  INFO 1 - Переглянути наявні товари по категорії.
13:52:22  INFO 2 - Пошук товару по назві.
13:52:22  INFO 3 - Отримати нову поставку.
13:52:22  INFO 4 - Продати товар.
13:52:22  INFO Введіть номер: 
14:03:56  INFO Initialising...
14:03:57  SYSTEM StoreX balance 0.0
14:04:23  INFO Initialising...
14:04:23  SYSTEM StoreX balance 0.0
14:04:23  INFO Магазин "Дрібнички" відкрито.
14:04:23  INFO Поточний баланс: 53535.0 грн.
14:04:23  INFO 1 - Переглянути наявні товари по категорії.
14:04:23  INFO 2 - Пошук товару по назві.
14:04:23  INFO 3 - Отримати нову поставку.
14:04:23  INFO 4 - Продати товар.
14:04:23  INFO Введіть номер: 
14:07:19  INFO Initialising...
14:07:19  SYSTEM StoreX balance 0.0
14:07:19  INFO Магазин "Дрібнички" відкрито.
14:07:19  INFO Поточний баланс: 53535.0 грн.
14:07:19  INFO 1 - Переглянути наявні товари по категорії.
14:07:19  INFO 2 - Пошук товару по назві.
14:07:19  INFO 3 - Отримати нову поставку.
14:07:19  INFO 4 - Продати товар.
14:07:19  INFO Введіть номер: 
14:40:50  INFO Initialising...
14:40:50  SYSTEM StoreX balance 0.0
14:40:50  INFO Магазин "Дрібнички" відкрито.
14:40:50  INFO Поточний баланс: 53535.0 грн.
14:40:50  INFO 1 - Переглянути наявні товари по категорії.
14:40:50  INFO 2 - Пошук товару по назві.
14:40:50  INFO 3 - Отримати нову поставку.
14:40:50  INFO 4 - Продати товар.
14:40:50  INFO Введіть номер: 
17:10:03  INFO Initialising...
17:10:03  SYSTEM StoreX balance 0.0
17:17:05  INFO Initialising...
17:17:05  SYSTEM StoreX balance 0.0
17:18:42  INFO Initialising...
17:18:42  SYSTEM StoreX balance 0.0
17:20:19  INFO Initialising...
17:20:19  SYSTEM StoreX balance 0.0
17:24:13  INFO Initialising...
17:24:13  SYSTEM StoreX balance 0.0
17:26:33  INFO Initialising...
17:26:33  SYSTEM StoreX balance 0.0
17:28:22  INFO Initialising...
17:28:22  SYSTEM StoreX balance 0.0
17:34:31  INFO Initialising...
17:34:31  SYSTEM StoreX balance 0.0
17:34:31  INFO Магазин "Дрібнички" відкрито.
17:34:31  INFO Поточний баланс: 53535.0 грн.
17:34:31  INFO 1 - Переглянути наявні товари по категорії.
17:34:31  INFO 2 - Пошук товару по назві.
17:34:31  INFO 3 - Отримати нову поставку.
17:34:31  INFO 4 - Продати товар.
17:34:31  INFO Введіть номер: 
17:34:36  INFO Вибрано пункт: 1
17:34:36  INFO Вибрано: 1 - Переглянути наявні товари по категорії.
17:34:36  INFO Категорії:
	1 - Смартфони		2 - Комп'ютери
	3 - Овочі		4 - Солодощі
	5 - Вода		6 - Солодка вода
	7 - Одяг
17:34:37  INFO Введіть номер: 1
17:34:37  INFO Вибрано: Смартфони.
17:35:02  INFO Вийти з магазину: y/nn
17:35:02  INFO Продовжуємо роботу в магазині.
17:35:02  INFO Магазин "Дрібнички" відкрито.
17:35:02  INFO Поточний баланс: 53535.0 грн.
17:35:02  INFO 1 - Переглянути наявні товари по категорії.
17:35:02  INFO 2 - Пошук товару по назві.
17:35:02  INFO 3 - Отримати нову поставку.
17:35:02  INFO 4 - Продати товар.
17:35:02  INFO Введіть номер: 
17:35:05  INFO Вибрано пункт: 3
17:35:05  INFO Вибрано: 3 - Отримати нову поставку.
17:35:07  INFO Вийти з магазину: y/ny
17:35:07  INFO Вихід з магазину.
