20:22:54  INFO Initialising...
20:22:54  INFO Магазин "Дрібнички" відкрито.
20:22:54  INFO Поточний баланс: 0.0
20:22:54  INFO 1 - Переглянути наявні товари по категорії.
20:22:54  INFO 2 - Пошук товару по назві.
20:22:54  INFO 3 - Отримати нову поставку.
20:22:54  INFO 4 - Продати товар.
20:22:54  INFO Введіть номер: 
20:24:57  INFO Initialising...
20:24:57  INFO Магазин "Дрібнички" відкрито.

20:24:57  INFO Поточний баланс: 0.0 грн.
20:24:57  INFO 1 - Переглянути наявні товари по категорії.
20:24:57  INFO 2 - Пошук товару по назві.
20:24:57  INFO 3 - Отримати нову поставку.
20:24:57  INFO 4 - Продати товар.
20:24:57  INFO Введіть номер: 
20:25:08  INFO Вибрано пункт: 4

20:25:08  INFO Вибрано: 4 - Продати товар.
20:25:08  INFO Вийти з магазину: y/n
20:25:17  INFO Вийти з магазину: y/nn
20:25:17  INFO Продовжуємо роботу в магазині.
20:25:17  INFO Магазин "Дрібнички" відкрито.

20:25:17  INFO Поточний баланс: 0.0 грн.
20:25:17  INFO 1 - Переглянути наявні товари по категорії.
20:25:17  INFO 2 - Пошук товару по назві.
20:25:17  INFO 3 - Отримати нову поставку.
20:25:17  INFO 4 - Продати товар.
20:25:17  INFO Введіть номер: 
20:25:22  INFO Вибрано пункт: 3

20:25:22  INFO Вибрано: 3 - Отримати нову поставку.
20:25:22  INFO Вийти з магазину: y/n
20:27:34  INFO Initialising...
20:27:34  INFO Магазин "Дрібнички" відкрито.

20:27:34  INFO Поточний баланс: 0.0 грн.
20:27:34  INFO 1 - Переглянути наявні товари по категорії.
20:27:34  INFO 2 - Пошук товару по назві.
20:27:34  INFO 3 - Отримати нову поставку.
20:27:34  INFO 4 - Продати товар.
20:27:34  INFO Введіть номер: 
20:27:37  INFO Вибрано пункт: 4

20:27:37  INFO Вибрано: 4 - Продати товар.
20:27:48  INFO Вийти з магазину: y/nn
20:27:48  INFO Продовжуємо роботу в магазині.
20:27:48  INFO Магазин "Дрібнички" відкрито.

20:27:48  INFO Поточний баланс: 0.0 грн.
20:27:48  INFO 1 - Переглянути наявні товари по категорії.
20:27:48  INFO 2 - Пошук товару по назві.
20:27:48  INFO 3 - Отримати нову поставку.
20:27:48  INFO 4 - Продати товар.
20:27:48  INFO Введіть номер: 
20:27:53  INFO Вибрано пункт: 3

20:27:53  INFO Вибрано: 3 - Отримати нову поставку.
20:27:58  INFO Вийти з магазину: y/nn
20:27:58  INFO Продовжуємо роботу в магазині.
20:27:58  INFO Магазин "Дрібнички" відкрито.

20:27:58  INFO Поточний баланс: 0.0 грн.
20:27:58  INFO 1 - Переглянути наявні товари по категорії.
20:27:58  INFO 2 - Пошук товару по назві.
20:27:58  INFO 3 - Отримати нову поставку.
20:27:58  INFO 4 - Продати товар.
20:27:58  INFO Введіть номер: 
20:28:02  INFO Вибрано пункт: 2

20:28:02  INFO Вибрано: 2 - Пошук товару по назві в категорії.
20:28:06  INFO Вийти з магазину: y/nn
20:28:06  INFO Продовжуємо роботу в магазині.
20:28:06  INFO Магазин "Дрібнички" відкрито.

20:28:06  INFO Поточний баланс: 0.0 грн.
20:28:06  INFO 1 - Переглянути наявні товари по категорії.
20:28:06  INFO 2 - Пошук товару по назві.
20:28:06  INFO 3 - Отримати нову поставку.
20:28:06  INFO 4 - Продати товар.
20:28:06  INFO Введіть номер: 
20:28:09  INFO Вибрано пункт: 1

20:28:09  INFO Вибрано: 1 - Переглянути наявні товари по категорії.
20:28:09  INFO Категорії:
	1 - Смартфони		2 - Комп'ютери
	3 - Овочі		4 - Солодощі
	5 - Вода		6 - Солодка вода
	7 - Одяг
20:28:15  INFO Введіть номер: 1
20:28:15  INFO Вибрано: Смартфони.
21:48:30  INFO Initialising...
21:48:30  INFO Магазин "Дрібнички" відкрито.
21:48:30  INFO Поточний баланс: 0.0 грн.
21:48:30  INFO 1 - Переглянути наявні товари по категорії.
21:48:30  INFO 2 - Пошук товару по назві.
21:48:30  INFO 3 - Отримати нову поставку.
21:48:30  INFO 4 - Продати товар.
21:48:30  INFO Введіть номер: 
21:51:47  INFO Initialising...
21:51:48  INFO Баланс = 53 грн
21:51:48  INFO Магазин "Дрібнички" відкрито.
21:51:48  INFO Поточний баланс: 53.0 грн.
21:51:48  INFO 1 - Переглянути наявні товари по категорії.
21:51:48  INFO 2 - Пошук товару по назві.
21:51:48  INFO 3 - Отримати нову поставку.
21:51:48  INFO 4 - Продати товар.
21:51:48  INFO Введіть номер: 
22:11:18  INFO Initialising...
22:11:20  INFO Магазин "Дрібнички" відкрито.
22:11:20  INFO Поточний баланс: 51000.0 грн.
22:11:20  INFO 1 - Переглянути наявні товари по категорії.
22:11:20  INFO 2 - Пошук товару по назві.
22:11:20  INFO 3 - Отримати нову поставку.
22:11:20  INFO 4 - Продати товар.
22:11:20  INFO Введіть номер: 
22:35:08  INFO Initialising...
22:35:09  INFO Магазин "Дрібнички" відкрито.
22:35:09  INFO Поточний баланс: 51000.0 грн.
22:35:09  INFO 1 - Переглянути наявні товари по категорії.
22:35:09  INFO 2 - Пошук товару по назві.
22:35:09  INFO 3 - Отримати нову поставку.
22:35:09  INFO 4 - Продати товар.
22:35:09  INFO Введіть номер: 
22:35:28  INFO Вибрано пункт: 2
22:35:28  INFO Вибрано: 2 - Пошук товару по назві в категорії.
22:35:36  INFO Вийти з магазину: y/ny
22:35:36  INFO Вихід з магазину.
22:35:41  INFO Initialising...
22:35:41  INFO Магазин "Дрібнички" відкрито.
22:35:41  INFO Поточний баланс: 0.0 грн.
22:35:41  INFO 1 - Переглянути наявні товари по категорії.
22:35:41  INFO 2 - Пошук товару по назві.
22:35:41  INFO 3 - Отримати нову поставку.
22:35:41  INFO 4 - Продати товар.
22:35:41  INFO Введіть номер: 
22:36:28  INFO Initialising...
22:36:28  INFO Магазин "Дрібнички" відкрито.
22:36:28  INFO Поточний баланс: 0.0 грн.
22:36:28  INFO 1 - Переглянути наявні товари по категорії.
22:36:28  INFO 2 - Пошук товару по назві.
22:36:28  INFO 3 - Отримати нову поставку.
22:36:28  INFO 4 - Продати товар.
22:36:28  INFO Введіть номер: 
22:36:32  INFO Вибрано пункт: 2
22:36:32  INFO Вибрано: 2 - Пошук товару по назві в категорії.
22:36:39  INFO Вийти з магазину: y/ny
22:36:39  INFO Вихід з магазину.
22:36:45  INFO Initialising...
22:36:45  INFO Магазин "Дрібнички" відкрито.
22:36:45  INFO Поточний баланс: 0.0 грн.
22:36:45  INFO 1 - Переглянути наявні товари по категорії.
22:36:45  INFO 2 - Пошук товару по назві.
22:36:45  INFO 3 - Отримати нову поставку.
22:36:45  INFO 4 - Продати товар.
22:36:45  INFO Введіть номер: 
22:37:15  INFO Initialising...
22:37:15  INFO Магазин "Дрібнички" відкрито.
22:37:15  INFO Поточний баланс: 0.0 грн.
22:37:15  INFO 1 - Переглянути наявні товари по категорії.
22:37:15  INFO 2 - Пошук товару по назві.
22:37:15  INFO 3 - Отримати нову поставку.
22:37:15  INFO 4 - Продати товар.
22:37:15  INFO Введіть номер: 
